#-----------------------------------------------------------
# Vivado v2018.3 (64-bit)
# SW Build 2405991 on Thu Dec  6 23:38:27 MST 2018
# IP Build 2404404 on Fri Dec  7 01:43:56 MST 2018
# Start of session at: Wed May 26 19:17:36 2021
# Process ID: 5260
# Current directory: D:/Na_uczelnie/Magisterka/Semestr_1/SDUP/Project/repo/data_sniffer
# Command line: vivado.exe -gui_launcher_event rodinguilauncherevent10068 D:\Na_uczelnie\Magisterka\Semestr_1\SDUP\Project\repo\data_sniffer\data_sniffer.xpr
# Log file: D:/Na_uczelnie/Magisterka/Semestr_1/SDUP/Project/repo/data_sniffer/vivado.log
# Journal file: D:/Na_uczelnie/Magisterka/Semestr_1/SDUP/Project/repo/data_sniffer\vivado.jou
#-----------------------------------------------------------
start_gui
open_project D:/Na_uczelnie/Magisterka/Semestr_1/SDUP/Project/repo/data_sniffer/data_sniffer.xpr
INFO: [Project 1-313] Project file moved from 'D:/Na_uczelnie/Magisterka/Semestr_1/SDUP/Project/data_sniffer' since last save.
Scanning sources...
Finished scanning sources
INFO: [IP_Flow 19-234] Refreshing IP repositories
INFO: [IP_Flow 19-1704] No user IP repositories specified
INFO: [IP_Flow 19-2313] Loaded Vivado IP repository 'C:/Xilinx/Vivado/2018.3/data/ip'.
open_project: Time (s): cpu = 00:00:10 ; elapsed = 00:00:07 . Memory (MB): peak = 644.500 ; gain = 79.641
update_compile_order -fileset sources_1
close [ open D:/Na_uczelnie/Magisterka/Semestr_1/SDUP/Project/repo/data_sniffer/data_sniffer.srcs/sources_1/new/bit_comparator_tb.v w ]
add_files D:/Na_uczelnie/Magisterka/Semestr_1/SDUP/Project/repo/data_sniffer/data_sniffer.srcs/sources_1/new/bit_comparator_tb.v
update_compile_order -fileset sources_1
update_compile_order -fileset sources_1
launch_simulation
INFO: [Vivado 12-5682] Launching behavioral simulation in 'D:/Na_uczelnie/Magisterka/Semestr_1/SDUP/Project/repo/data_sniffer/data_sniffer.sim/sim_1/behav/xsim'
INFO: [SIM-utils-51] Simulation object is 'sim_1'
INFO: [SIM-utils-54] Inspecting design source files for 'bit_comparator_tb' in fileset 'sim_1'...
INFO: [USF-XSim-97] Finding global include files...
INFO: [USF-XSim-98] Fetching design files from 'sim_1'...
INFO: [USF-XSim-2] XSim::Compile design
INFO: [USF-XSim-61] Executing 'COMPILE and ANALYZE' step in 'D:/Na_uczelnie/Magisterka/Semestr_1/SDUP/Project/repo/data_sniffer/data_sniffer.sim/sim_1/behav/xsim'
"xvlog --incr --relax -prj bit_comparator_tb_vlog.prj"
INFO: [VRFC 10-2263] Analyzing Verilog file "D:/Na_uczelnie/Magisterka/Semestr_1/SDUP/Project/repo/data_sniffer/data_sniffer.srcs/sources_1/new/8_bit_comparator.v" into library xil_defaultlib
INFO: [VRFC 10-311] analyzing module bit_comparator
INFO: [VRFC 10-2263] Analyzing Verilog file "D:/Na_uczelnie/Magisterka/Semestr_1/SDUP/Project/repo/data_sniffer/data_sniffer.srcs/sources_1/new/bit_comparator_tb.v" into library xil_defaultlib
INFO: [VRFC 10-311] analyzing module bit_comparator_tb
INFO: [VRFC 10-2263] Analyzing Verilog file "D:/Na_uczelnie/Magisterka/Semestr_1/SDUP/Project/repo/data_sniffer/data_sniffer.sim/sim_1/behav/xsim/glbl.v" into library xil_defaultlib
INFO: [VRFC 10-311] analyzing module glbl
INFO: [USF-XSim-69] 'compile' step finished in '5' seconds
INFO: [USF-XSim-3] XSim::Elaborate design
INFO: [USF-XSim-61] Executing 'ELABORATE' step in 'D:/Na_uczelnie/Magisterka/Semestr_1/SDUP/Project/repo/data_sniffer/data_sniffer.sim/sim_1/behav/xsim'
Vivado Simulator 2018.3
Copyright 1986-1999, 2001-2018 Xilinx, Inc. All Rights Reserved.
Running: C:/Xilinx/Vivado/2018.3/bin/unwrapped/win64.o/xelab.exe -wto f55ad78a82904375957e7053336ee9c6 --incr --debug typical --relax --mt 2 -L xil_defaultlib -L unisims_ver -L unimacro_ver -L secureip --snapshot bit_comparator_tb_behav xil_defaultlib.bit_comparator_tb xil_defaultlib.glbl -log elaborate.log 
Using 2 slave threads.
Starting static elaboration
Completed static elaboration
Starting simulation data flow analysis
Completed simulation data flow analysis
Time Resolution for simulation is 1ps
Compiling module xil_defaultlib.bit_comparator
Compiling module xil_defaultlib.bit_comparator_tb
Compiling module xil_defaultlib.glbl
Built simulation snapshot bit_comparator_tb_behav

****** Webtalk v2018.3 (64-bit)
  **** SW Build 2405991 on Thu Dec  6 23:38:27 MST 2018
  **** IP Build 2404404 on Fri Dec  7 01:43:56 MST 2018
    ** Copyright 1986-2018 Xilinx, Inc. All Rights Reserved.

source D:/Na_uczelnie/Magisterka/Semestr_1/SDUP/Project/repo/data_sniffer/data_sniffer.sim/sim_1/behav/xsim/xsim.dir/bit_comparator_tb_behav/webtalk/xsim_webtalk.tcl -notrace
INFO: [Common 17-206] Exiting Webtalk at Wed May 26 19:22:05 2021...
run_program: Time (s): cpu = 00:00:01 ; elapsed = 00:00:10 . Memory (MB): peak = 681.934 ; gain = 0.000
INFO: [USF-XSim-69] 'elaborate' step finished in '9' seconds
INFO: [USF-XSim-4] XSim::Simulate design
INFO: [USF-XSim-61] Executing 'SIMULATE' step in 'D:/Na_uczelnie/Magisterka/Semestr_1/SDUP/Project/repo/data_sniffer/data_sniffer.sim/sim_1/behav/xsim'
INFO: [USF-XSim-98] *** Running xsim
   with args "bit_comparator_tb_behav -key {Behavioral:sim_1:Functional:bit_comparator_tb} -tclbatch {bit_comparator_tb.tcl} -log {simulate.log}"
INFO: [USF-XSim-8] Loading simulator feature
Vivado Simulator 2018.3
Time resolution is 1 ps
source bit_comparator_tb.tcl
# set curr_wave [current_wave_config]
# if { [string length $curr_wave] == 0 } {
#   if { [llength [get_objects]] > 0} {
#     add_wave /
#     set_property needs_save false [current_wave_config]
#   } else {
#      send_msg_id Add_Wave-1 WARNING "No top level signals found. Simulator will start without a wave window. If you want to open a wave window go to 'File->New Waveform Configuration' or type 'create_wave_config' in the TCL console."
#   }
# }
# run 1000ns
INFO: [USF-XSim-96] XSim completed. Design snapshot 'bit_comparator_tb_behav' loaded.
INFO: [USF-XSim-97] XSim simulation ran for 1000ns
launch_simulation: Time (s): cpu = 00:00:07 ; elapsed = 00:00:22 . Memory (MB): peak = 709.703 ; gain = 27.770
