#-----------------------------------------------------------
# Vivado v2018.3 (64-bit)
# SW Build 2405991 on Thu Dec  6 23:38:27 MST 2018
# IP Build 2404404 on Fri Dec  7 01:43:56 MST 2018
# Start of session at: Tue Jun  8 22:51:36 2021
# Process ID: 19760
# Current directory: C:/Users/rzesz/Desktop/Coding/FPGA/data_sniffer/Data_sniffer_v2
# Command line: vivado.exe -gui_launcher_event rodinguilauncherevent19824 C:\Users\rzesz\Desktop\Coding\FPGA\data_sniffer\Data_sniffer_v2\Data_sniffer_v2.xpr
# Log file: C:/Users/rzesz/Desktop/Coding/FPGA/data_sniffer/Data_sniffer_v2/vivado.log
# Journal file: C:/Users/rzesz/Desktop/Coding/FPGA/data_sniffer/Data_sniffer_v2\vivado.jou
#-----------------------------------------------------------
start_gui
open_project C:/Users/rzesz/Desktop/Coding/FPGA/data_sniffer/Data_sniffer_v2/Data_sniffer_v2.xpr
INFO: [Project 1-313] Project file moved from 'D:/Na_uczelnie/Magisterka/Semestr_1/SDUP/Project/repo/Data_sniffer_v2' since last save.
Scanning sources...
Finished scanning sources
INFO: [IP_Flow 19-234] Refreshing IP repositories
INFO: [IP_Flow 19-1704] No user IP repositories specified
INFO: [IP_Flow 19-2313] Loaded Vivado IP repository 'C:/Xilinx/Vivado/2018.3/data/ip'.
open_project: Time (s): cpu = 00:00:17 ; elapsed = 00:00:07 . Memory (MB): peak = 724.039 ; gain = 110.324
update_compile_order -fileset sources_1
exit
INFO: [Common 17-206] Exiting Vivado at Tue Jun  8 22:52:37 2021...
